  main.cpp
C:\Users\razvan\Documents\GitHub\Game-Engine-2D\GameEngine2D\GameEngine2D.h(255,21): warning C4018: '<': signed/unsigned mismatch
C:\Users\razvan\Documents\GitHub\Game-Engine-2D\GameEngine2D\GameEngine2D.h(303,21): warning C4018: '<': signed/unsigned mismatch
C:\Users\razvan\Documents\GitHub\Game-Engine-2D\GameEngine2D\GameEngine2D.h(351,21): warning C4018: '<': signed/unsigned mismatch
C:\Users\razvan\Documents\GitHub\Game-Engine-2D\GameEngine2D\GameEngine2D.h(367,1): warning C4150: deletion of pointer to incomplete type 'Entity'; no destructor called
C:\Users\razvan\Documents\GitHub\Game-Engine-2D\GameEngine2D\GameEngine2D.h(139): message : see declaration of 'Entity'
C:\Users\razvan\Documents\GitHub\Game-Engine-2D\GameEngine2D\GameEngine2D.h(407,21): warning C4018: '<': signed/unsigned mismatch
C:\Users\razvan\Documents\GitHub\Game-Engine-2D\GameEngine2D\GameEngine2D.h(456,21): warning C4018: '<': signed/unsigned mismatch
C:\Users\razvan\Documents\GitHub\Game-Engine-2D\GameEngine2D\GameEngine2D.h(505,21): warning C4018: '<': signed/unsigned mismatch
C:\Users\razvan\Documents\GitHub\Game-Engine-2D\GameEngine2D\GameEngine2D.h(554,21): warning C4018: '<': signed/unsigned mismatch
C:\Users\razvan\Documents\GitHub\Game-Engine-2D\GameEngine2D\GameEngine2D.h(603,21): warning C4018: '<': signed/unsigned mismatch
C:\Users\razvan\Documents\GitHub\Game-Engine-2D\GameEngine2D\GameEngine2D.h(652,21): warning C4018: '<': signed/unsigned mismatch
C:\Users\razvan\Documents\GitHub\Game-Engine-2D\GameEngine2D\GameEngine2D.h(743,28): warning C4244: 'argument': conversion from 'double' to 'GLclampf', possible loss of data
C:\Users\razvan\Documents\GitHub\Game-Engine-2D\GameEngine2D\GameEngine2D.h(743,21): warning C4244: 'argument': conversion from 'double' to 'GLclampf', possible loss of data
C:\Users\razvan\Documents\GitHub\Game-Engine-2D\GameEngine2D\GameEngine2D.h(743,16): warning C4244: 'argument': conversion from 'double' to 'GLclampf', possible loss of data
C:\Users\razvan\Documents\GitHub\Game-Engine-2D\GameEngine2D\GameEngine2D.h(748,34): warning C4244: 'argument': conversion from 'double' to 'GLclampf', possible loss of data
C:\Users\razvan\Documents\GitHub\Game-Engine-2D\GameEngine2D\GameEngine2D.h(748,28): warning C4244: 'argument': conversion from 'double' to 'GLclampf', possible loss of data
C:\Users\razvan\Documents\GitHub\Game-Engine-2D\GameEngine2D\GameEngine2D.h(748,21): warning C4244: 'argument': conversion from 'double' to 'GLclampf', possible loss of data
C:\Users\razvan\Documents\GitHub\Game-Engine-2D\GameEngine2D\GameEngine2D.h(748,16): warning C4244: 'argument': conversion from 'double' to 'GLclampf', possible loss of data
C:\Users\razvan\Documents\GitHub\Game-Engine-2D\GameEngine2D\GameEngine2D.h(1125,1): warning C4150: deletion of pointer to incomplete type 'Component'; no destructor called
C:\Users\razvan\Documents\GitHub\Game-Engine-2D\GameEngine2D\GameEngine2D.h(151): message : see declaration of 'Component'
C:\Users\razvan\Documents\GitHub\Game-Engine-2D\GameEngine2D\GameEngine2D.h(1694,21): warning C4018: '<': signed/unsigned mismatch
C:\Users\razvan\Documents\GitHub\Game-Engine-2D\GameEngine2D\GameEngine2D.h(1801,21): warning C4018: '<': signed/unsigned mismatch
C:\Users\razvan\Documents\GitHub\Game-Engine-2D\GameEngine2D\GameEngine2D.h(1850,21): warning C4018: '<': signed/unsigned mismatch
C:\Users\razvan\Documents\GitHub\Game-Engine-2D\GameEngine2D\GameEngine2D.h(1855,22): warning C4018: '<': signed/unsigned mismatch
C:\Users\razvan\Documents\GitHub\Game-Engine-2D\GameEngine2D\GameEngine2D.h(1870,21): warning C4018: '<': signed/unsigned mismatch
C:\Users\razvan\Documents\GitHub\Game-Engine-2D\GameEngine2D\GameEngine2D.h(1878,21): warning C4018: '<': signed/unsigned mismatch
C:\Users\razvan\Documents\GitHub\Game-Engine-2D\GameEngine2D\GameEngine2D.h(1882,22): warning C4018: '<': signed/unsigned mismatch
C:\Users\razvan\Documents\GitHub\Game-Engine-2D\GameEngine2D\GameEngine2D.h(1969,22): warning C4018: '<': signed/unsigned mismatch
C:\Users\razvan\Documents\GitHub\Game-Engine-2D\GameEngine2D\GameEngine2D.h(2013,21): warning C4018: '<': signed/unsigned mismatch
C:\Users\razvan\Documents\GitHub\Game-Engine-2D\GameEngine2D\GameEngine2D.h(2110,21): warning C4018: '<': signed/unsigned mismatch
  Generating code
  Previous IPDB not found, fall back to full compilation.
  All 694 functions were compiled because no usable IPDB/IOBJ from previous compilation was found.
  Finished generating code
  2D Game Engine.vcxproj -> C:\Users\razvan\Documents\GitHub\Game-Engine-2D\Release\2D Game Engine.exe
